<?xml version="1.0" encoding="UTF-8"?>
<testsuite xmlns:xsi="http://www.w3.org/2001/XMLSchema-instance" xsi:noNamespaceSchemaLocation="https://maven.apache.org/surefire/maven-surefire-plugin/xsd/surefire-test-report.xsd" name="cn.bp.scada.TestLambda" time="0.119" tests="1" errors="0" skipped="0" failures="0">
  <properties>
    <property name="sun.desktop" value="windows"/>
    <property name="awt.toolkit" value="sun.awt.windows.WToolkit"/>
    <property name="file.encoding.pkg" value="sun.io"/>
    <property name="java.specification.version" value="1.8"/>
    <property name="sun.cpu.isalist" value="amd64"/>
    <property name="sun.jnu.encoding" value="GBK"/>
    <property name="java.class.path" value="C:\Users\yuansenkang\Desktop\scada\scada612\target\test-classes;C:\Users\yuansenkang\Desktop\scada\scada612\target\classes;D:\Repositories\Maven\org\springframework\boot\spring-boot-starter-web\2.0.5.RELEASE\spring-boot-starter-web-2.0.5.RELEASE.jar;D:\Repositories\Maven\org\springframework\boot\spring-boot-starter\2.0.5.RELEASE\spring-boot-starter-2.0.5.RELEASE.jar;D:\Repositories\Maven\org\springframework\boot\spring-boot-starter-logging\2.0.5.RELEASE\spring-boot-starter-logging-2.0.5.RELEASE.jar;D:\Repositories\Maven\ch\qos\logback\logback-classic\1.2.3\logback-classic-1.2.3.jar;D:\Repositories\Maven\ch\qos\logback\logback-core\1.2.3\logback-core-1.2.3.jar;D:\Repositories\Maven\org\apache\logging\log4j\log4j-to-slf4j\2.10.0\log4j-to-slf4j-2.10.0.jar;D:\Repositories\Maven\org\apache\logging\log4j\log4j-api\2.10.0\log4j-api-2.10.0.jar;D:\Repositories\Maven\org\slf4j\jul-to-slf4j\1.7.25\jul-to-slf4j-1.7.25.jar;D:\Repositories\Maven\javax\annotation\javax.annotation-api\1.3.2\javax.annotation-api-1.3.2.jar;D:\Repositories\Maven\org\yaml\snakeyaml\1.19\snakeyaml-1.19.jar;D:\Repositories\Maven\org\springframework\boot\spring-boot-starter-json\2.0.5.RELEASE\spring-boot-starter-json-2.0.5.RELEASE.jar;D:\Repositories\Maven\com\fasterxml\jackson\datatype\jackson-datatype-jdk8\2.9.6\jackson-datatype-jdk8-2.9.6.jar;D:\Repositories\Maven\com\fasterxml\jackson\datatype\jackson-datatype-jsr310\2.9.6\jackson-datatype-jsr310-2.9.6.jar;D:\Repositories\Maven\com\fasterxml\jackson\module\jackson-module-parameter-names\2.9.6\jackson-module-parameter-names-2.9.6.jar;D:\Repositories\Maven\org\springframework\boot\spring-boot-starter-tomcat\2.0.5.RELEASE\spring-boot-starter-tomcat-2.0.5.RELEASE.jar;D:\Repositories\Maven\org\apache\tomcat\embed\tomcat-embed-core\8.5.34\tomcat-embed-core-8.5.34.jar;D:\Repositories\Maven\org\apache\tomcat\embed\tomcat-embed-el\8.5.34\tomcat-embed-el-8.5.34.jar;D:\Repositories\Maven\org\apache\tomcat\embed\tomcat-embed-websocket\8.5.34\tomcat-embed-websocket-8.5.34.jar;D:\Repositories\Maven\org\hibernate\validator\hibernate-validator\6.0.12.Final\hibernate-validator-6.0.12.Final.jar;D:\Repositories\Maven\javax\validation\validation-api\2.0.1.Final\validation-api-2.0.1.Final.jar;D:\Repositories\Maven\org\jboss\logging\jboss-logging\3.3.2.Final\jboss-logging-3.3.2.Final.jar;D:\Repositories\Maven\org\springframework\spring-web\5.0.9.RELEASE\spring-web-5.0.9.RELEASE.jar;D:\Repositories\Maven\org\springframework\spring-beans\5.0.9.RELEASE\spring-beans-5.0.9.RELEASE.jar;D:\Repositories\Maven\org\springframework\spring-webmvc\5.0.9.RELEASE\spring-webmvc-5.0.9.RELEASE.jar;D:\Repositories\Maven\org\springframework\spring-aop\5.0.9.RELEASE\spring-aop-5.0.9.RELEASE.jar;D:\Repositories\Maven\org\springframework\spring-context\5.0.9.RELEASE\spring-context-5.0.9.RELEASE.jar;D:\Repositories\Maven\org\springframework\spring-expression\5.0.9.RELEASE\spring-expression-5.0.9.RELEASE.jar;D:\Repositories\Maven\com\github\sarxos\webcam-capture\0.3.11\webcam-capture-0.3.11.jar;D:\Repositories\Maven\com\nativelibs4java\bridj\0.7.0\bridj-0.7.0.jar;D:\Repositories\Maven\org\slf4j\slf4j-api\1.7.25\slf4j-api-1.7.25.jar;D:\Repositories\Maven\org\springframework\boot\spring-boot-starter-test\2.0.5.RELEASE\spring-boot-starter-test-2.0.5.RELEASE.jar;D:\Repositories\Maven\org\springframework\boot\spring-boot-test\2.0.5.RELEASE\spring-boot-test-2.0.5.RELEASE.jar;D:\Repositories\Maven\org\springframework\boot\spring-boot-test-autoconfigure\2.0.5.RELEASE\spring-boot-test-autoconfigure-2.0.5.RELEASE.jar;D:\Repositories\Maven\com\jayway\jsonpath\json-path\2.4.0\json-path-2.4.0.jar;D:\Repositories\Maven\net\minidev\json-smart\2.3\json-smart-2.3.jar;D:\Repositories\Maven\net\minidev\accessors-smart\1.2\accessors-smart-1.2.jar;D:\Repositories\Maven\junit\junit\4.12\junit-4.12.jar;D:\Repositories\Maven\org\assertj\assertj-core\3.9.1\assertj-core-3.9.1.jar;D:\Repositories\Maven\org\mockito\mockito-core\2.15.0\mockito-core-2.15.0.jar;D:\Repositories\Maven\net\bytebuddy\byte-buddy\1.7.11\byte-buddy-1.7.11.jar;D:\Repositories\Maven\net\bytebuddy\byte-buddy-agent\1.7.11\byte-buddy-agent-1.7.11.jar;D:\Repositories\Maven\org\objenesis\objenesis\2.6\objenesis-2.6.jar;D:\Repositories\Maven\org\hamcrest\hamcrest-core\1.3\hamcrest-core-1.3.jar;D:\Repositories\Maven\org\hamcrest\hamcrest-library\1.3\hamcrest-library-1.3.jar;D:\Repositories\Maven\org\skyscreamer\jsonassert\1.5.0\jsonassert-1.5.0.jar;D:\Repositories\Maven\com\vaadin\external\google\android-json\0.0.20131108.vaadin1\android-json-0.0.20131108.vaadin1.jar;D:\Repositories\Maven\org\springframework\spring-core\5.0.9.RELEASE\spring-core-5.0.9.RELEASE.jar;D:\Repositories\Maven\org\springframework\spring-jcl\5.0.9.RELEASE\spring-jcl-5.0.9.RELEASE.jar;D:\Repositories\Maven\org\springframework\spring-test\5.0.9.RELEASE\spring-test-5.0.9.RELEASE.jar;D:\Repositories\Maven\org\xmlunit\xmlunit-core\2.5.1\xmlunit-core-2.5.1.jar;D:\Repositories\Maven\com\oracle\ojdbc6\11.2.0.3\ojdbc6-11.2.0.3.jar;D:\Repositories\Maven\org\json\json\20180813\json-20180813.jar;D:\Repositories\Maven\org\codehaus\jackson\jackson-core-asl\1.9.13\jackson-core-asl-1.9.13.jar;D:\Repositories\Maven\org\codehaus\jackson\jackson-mapper-asl\1.9.13\jackson-mapper-asl-1.9.13.jar;D:\Repositories\Maven\org\apache\httpcomponents\httpclient\4.5.4\httpclient-4.5.4.jar;D:\Repositories\Maven\org\apache\httpcomponents\httpcore\4.4.10\httpcore-4.4.10.jar;D:\Repositories\Maven\commons-codec\commons-codec\1.11\commons-codec-1.11.jar;D:\Repositories\Maven\commons-httpclient\commons-httpclient\3.1\commons-httpclient-3.1.jar;D:\Repositories\Maven\commons-logging\commons-logging\1.0.4\commons-logging-1.0.4.jar;D:\Repositories\Maven\org\mybatis\spring\boot\mybatis-spring-boot-starter\1.1.1\mybatis-spring-boot-starter-1.1.1.jar;D:\Repositories\Maven\org\mybatis\spring\boot\mybatis-spring-boot-autoconfigure\1.1.1\mybatis-spring-boot-autoconfigure-1.1.1.jar;D:\Repositories\Maven\org\mybatis\mybatis\3.4.0\mybatis-3.4.0.jar;D:\Repositories\Maven\org\mybatis\mybatis-spring\1.3.0\mybatis-spring-1.3.0.jar;D:\Repositories\Maven\org\apache\cxf\cxf-rt-frontend-jaxws\3.1.12\cxf-rt-frontend-jaxws-3.1.12.jar;D:\Repositories\Maven\xml-resolver\xml-resolver\1.2\xml-resolver-1.2.jar;D:\Repositories\Maven\org\ow2\asm\asm\5.0.4\asm-5.0.4.jar;D:\Repositories\Maven\org\apache\cxf\cxf-core\3.1.12\cxf-core-3.1.12.jar;D:\Repositories\Maven\org\codehaus\woodstox\woodstox-core-asl\4.4.1\woodstox-core-asl-4.4.1.jar;D:\Repositories\Maven\org\codehaus\woodstox\stax2-api\3.1.4\stax2-api-3.1.4.jar;D:\Repositories\Maven\org\apache\ws\xmlschema\xmlschema-core\2.2.2\xmlschema-core-2.2.2.jar;D:\Repositories\Maven\org\apache\cxf\cxf-rt-bindings-soap\3.1.12\cxf-rt-bindings-soap-3.1.12.jar;D:\Repositories\Maven\org\apache\cxf\cxf-rt-wsdl\3.1.12\cxf-rt-wsdl-3.1.12.jar;D:\Repositories\Maven\wsdl4j\wsdl4j\1.6.3\wsdl4j-1.6.3.jar;D:\Repositories\Maven\org\apache\cxf\cxf-rt-databinding-jaxb\3.1.12\cxf-rt-databinding-jaxb-3.1.12.jar;D:\Repositories\Maven\com\sun\xml\bind\jaxb-impl\2.2.11\jaxb-impl-2.2.11.jar;D:\Repositories\Maven\com\sun\xml\bind\jaxb-core\2.2.11\jaxb-core-2.2.11.jar;D:\Repositories\Maven\org\apache\cxf\cxf-rt-bindings-xml\3.1.12\cxf-rt-bindings-xml-3.1.12.jar;D:\Repositories\Maven\org\apache\cxf\cxf-rt-frontend-simple\3.1.12\cxf-rt-frontend-simple-3.1.12.jar;D:\Repositories\Maven\org\apache\cxf\cxf-rt-ws-addr\3.1.12\cxf-rt-ws-addr-3.1.12.jar;D:\Repositories\Maven\org\apache\cxf\cxf-rt-ws-policy\3.1.12\cxf-rt-ws-policy-3.1.12.jar;D:\Repositories\Maven\org\apache\neethi\neethi\3.0.3\neethi-3.0.3.jar;D:\Repositories\Maven\org\apache\cxf\cxf-rt-transports-http\3.1.12\cxf-rt-transports-http-3.1.12.jar;D:\Repositories\Maven\io\netty\netty-all\4.1.0.Final\netty-all-4.1.0.Final.jar;D:\Repositories\Maven\org\springframework\boot\spring-boot-devtools\2.0.5.RELEASE\spring-boot-devtools-2.0.5.RELEASE.jar;D:\Repositories\Maven\org\springframework\boot\spring-boot\2.0.5.RELEASE\spring-boot-2.0.5.RELEASE.jar;D:\Repositories\Maven\org\springframework\boot\spring-boot-autoconfigure\2.0.5.RELEASE\spring-boot-autoconfigure-2.0.5.RELEASE.jar;D:\Repositories\Maven\cn\yanzx-dev\gitlab\com.sap.conn.jco.sapjco\3.0.14\com.sap.conn.jco.sapjco-3.0.14.jar;D:\Repositories\Maven\com\squareup\okhttp\okhttp\2.5.0\okhttp-2.5.0.jar;D:\Repositories\Maven\com\squareup\okio\okio\1.6.0\okio-1.6.0.jar;D:\Repositories\Maven\org\springframework\boot\spring-boot-starter-jdbc\2.0.5.RELEASE\spring-boot-starter-jdbc-2.0.5.RELEASE.jar;D:\Repositories\Maven\com\zaxxer\HikariCP\2.7.9\HikariCP-2.7.9.jar;D:\Repositories\Maven\org\springframework\spring-jdbc\5.0.9.RELEASE\spring-jdbc-5.0.9.RELEASE.jar;D:\Repositories\Maven\org\springframework\spring-tx\5.0.9.RELEASE\spring-tx-5.0.9.RELEASE.jar;D:\Repositories\Maven\com\alibaba\druid\1.1.8\druid-1.1.8.jar;D:\Repositories\Maven\com\google\code\gson\gson\2.6\gson-2.6.jar;D:\Repositories\Maven\mysql\mysql-connector-java\5.1.47\mysql-connector-java-5.1.47.jar;D:\Repositories\Maven\org\apache\commons\commons-dbcp2\2.2.0\commons-dbcp2-2.2.0.jar;D:\Repositories\Maven\c3p0\c3p0\0.9.1.2\c3p0-0.9.1.2.jar;D:\Repositories\Maven\org\apache\commons\commons-lang3\3.7\commons-lang3-3.7.jar;D:\Repositories\Maven\org\apache\commons\commons-pool2\2.5.0\commons-pool2-2.5.0.jar;D:\Repositories\Maven\net\sf\json-lib\json-lib\2.4\json-lib-2.4-jdk15.jar;D:\Repositories\Maven\commons-beanutils\commons-beanutils\1.8.0\commons-beanutils-1.8.0.jar;D:\Repositories\Maven\commons-collections\commons-collections\3.2.1\commons-collections-3.2.1.jar;D:\Repositories\Maven\commons-lang\commons-lang\2.5\commons-lang-2.5.jar;D:\Repositories\Maven\net\sf\ezmorph\ezmorph\1.0.6\ezmorph-1.0.6.jar;D:\Repositories\Maven\com\alibaba\fastjson\1.2.8\fastjson-1.2.8.jar;D:\Repositories\Maven\io\springfox\springfox-swagger2\2.9.2\springfox-swagger2-2.9.2.jar;D:\Repositories\Maven\io\swagger\swagger-annotations\1.5.20\swagger-annotations-1.5.20.jar;D:\Repositories\Maven\io\swagger\swagger-models\1.5.20\swagger-models-1.5.20.jar;D:\Repositories\Maven\com\fasterxml\jackson\core\jackson-annotations\2.9.0\jackson-annotations-2.9.0.jar;D:\Repositories\Maven\io\springfox\springfox-spi\2.9.2\springfox-spi-2.9.2.jar;D:\Repositories\Maven\io\springfox\springfox-core\2.9.2\springfox-core-2.9.2.jar;D:\Repositories\Maven\io\springfox\springfox-schema\2.9.2\springfox-schema-2.9.2.jar;D:\Repositories\Maven\io\springfox\springfox-swagger-common\2.9.2\springfox-swagger-common-2.9.2.jar;D:\Repositories\Maven\io\springfox\springfox-spring-web\2.9.2\springfox-spring-web-2.9.2.jar;D:\Repositories\Maven\com\google\guava\guava\20.0\guava-20.0.jar;D:\Repositories\Maven\com\fasterxml\classmate\1.3.4\classmate-1.3.4.jar;D:\Repositories\Maven\org\springframework\plugin\spring-plugin-core\1.2.0.RELEASE\spring-plugin-core-1.2.0.RELEASE.jar;D:\Repositories\Maven\org\springframework\plugin\spring-plugin-metadata\1.2.0.RELEASE\spring-plugin-metadata-1.2.0.RELEASE.jar;D:\Repositories\Maven\org\mapstruct\mapstruct\1.2.0.Final\mapstruct-1.2.0.Final.jar;D:\Repositories\Maven\io\springfox\springfox-swagger-ui\2.9.2\springfox-swagger-ui-2.9.2.jar;D:\Repositories\Maven\org\springframework\boot\spring-boot-starter-data-redis\1.4.1.RELEASE\spring-boot-starter-data-redis-1.4.1.RELEASE.jar;D:\Repositories\Maven\org\springframework\data\spring-data-redis\2.0.10.RELEASE\spring-data-redis-2.0.10.RELEASE.jar;D:\Repositories\Maven\org\springframework\data\spring-data-keyvalue\2.0.10.RELEASE\spring-data-keyvalue-2.0.10.RELEASE.jar;D:\Repositories\Maven\org\springframework\data\spring-data-commons\2.0.10.RELEASE\spring-data-commons-2.0.10.RELEASE.jar;D:\Repositories\Maven\org\springframework\spring-oxm\5.0.9.RELEASE\spring-oxm-5.0.9.RELEASE.jar;D:\Repositories\Maven\org\springframework\spring-context-support\5.0.9.RELEASE\spring-context-support-5.0.9.RELEASE.jar;D:\Repositories\Maven\redis\clients\jedis\2.9.0\jedis-2.9.0.jar;D:\Repositories\Maven\io\jsonwebtoken\jjwt\0.9.0\jjwt-0.9.0.jar;D:\Repositories\Maven\com\fasterxml\jackson\core\jackson-databind\2.9.6\jackson-databind-2.9.6.jar;D:\Repositories\Maven\com\fasterxml\jackson\core\jackson-core\2.9.6\jackson-core-2.9.6.jar;D:\Repositories\Maven\org\apache\poi\poi\3.17\poi-3.17.jar;D:\Repositories\Maven\org\apache\commons\commons-collections4\4.1\commons-collections4-4.1.jar;D:\Repositories\Maven\org\apache\poi\poi-ooxml\3.17\poi-ooxml-3.17.jar;D:\Repositories\Maven\org\apache\poi\poi-ooxml-schemas\3.17\poi-ooxml-schemas-3.17.jar;D:\Repositories\Maven\org\apache\xmlbeans\xmlbeans\2.6.0\xmlbeans-2.6.0.jar;D:\Repositories\Maven\stax\stax-api\1.0.1\stax-api-1.0.1.jar;D:\Repositories\Maven\com\github\virtuald\curvesapi\1.04\curvesapi-1.04.jar;D:\Repositories\Maven\org\projectlombok\lombok\1.16.16\lombok-1.16.16.jar;D:\Repositories\Maven\org\jetbrains\annotations\21.0.1\annotations-21.0.1.jar;"/>
    <property name="java.vm.vendor" value="Oracle Corporation"/>
    <property name="sun.arch.data.model" value="64"/>
    <property name="user.variant" value=""/>
    <property name="java.vendor.url" value="http://java.oracle.com/"/>
    <property name="user.timezone" value=""/>
    <property name="java.vm.specification.version" value="1.8"/>
    <property name="os.name" value="Windows 10"/>
    <property name="user.country" value="CN"/>
    <property name="sun.java.launcher" value="SUN_STANDARD"/>
    <property name="sun.boot.library.path" value="C:\Program Files\Java\jdk1.8.0_201\jre\bin"/>
    <property name="sun.java.command" value="C:\Users\YUANSE~1\AppData\Local\Temp\surefire2478971504752257443\surefirebooter2558736959628961478.jar C:\Users\yuansenkang\AppData\Local\Temp\surefire2478971504752257443 2021-07-03T10-09-10_328-jvmRun1 surefire612650163366593881tmp surefire_06415799111903197182tmp"/>
    <property name="surefire.test.class.path" value="C:\Users\yuansenkang\Desktop\scada\scada612\target\test-classes;C:\Users\yuansenkang\Desktop\scada\scada612\target\classes;D:\Repositories\Maven\org\springframework\boot\spring-boot-starter-web\2.0.5.RELEASE\spring-boot-starter-web-2.0.5.RELEASE.jar;D:\Repositories\Maven\org\springframework\boot\spring-boot-starter\2.0.5.RELEASE\spring-boot-starter-2.0.5.RELEASE.jar;D:\Repositories\Maven\org\springframework\boot\spring-boot-starter-logging\2.0.5.RELEASE\spring-boot-starter-logging-2.0.5.RELEASE.jar;D:\Repositories\Maven\ch\qos\logback\logback-classic\1.2.3\logback-classic-1.2.3.jar;D:\Repositories\Maven\ch\qos\logback\logback-core\1.2.3\logback-core-1.2.3.jar;D:\Repositories\Maven\org\apache\logging\log4j\log4j-to-slf4j\2.10.0\log4j-to-slf4j-2.10.0.jar;D:\Repositories\Maven\org\apache\logging\log4j\log4j-api\2.10.0\log4j-api-2.10.0.jar;D:\Repositories\Maven\org\slf4j\jul-to-slf4j\1.7.25\jul-to-slf4j-1.7.25.jar;D:\Repositories\Maven\javax\annotation\javax.annotation-api\1.3.2\javax.annotation-api-1.3.2.jar;D:\Repositories\Maven\org\yaml\snakeyaml\1.19\snakeyaml-1.19.jar;D:\Repositories\Maven\org\springframework\boot\spring-boot-starter-json\2.0.5.RELEASE\spring-boot-starter-json-2.0.5.RELEASE.jar;D:\Repositories\Maven\com\fasterxml\jackson\datatype\jackson-datatype-jdk8\2.9.6\jackson-datatype-jdk8-2.9.6.jar;D:\Repositories\Maven\com\fasterxml\jackson\datatype\jackson-datatype-jsr310\2.9.6\jackson-datatype-jsr310-2.9.6.jar;D:\Repositories\Maven\com\fasterxml\jackson\module\jackson-module-parameter-names\2.9.6\jackson-module-parameter-names-2.9.6.jar;D:\Repositories\Maven\org\springframework\boot\spring-boot-starter-tomcat\2.0.5.RELEASE\spring-boot-starter-tomcat-2.0.5.RELEASE.jar;D:\Repositories\Maven\org\apache\tomcat\embed\tomcat-embed-core\8.5.34\tomcat-embed-core-8.5.34.jar;D:\Repositories\Maven\org\apache\tomcat\embed\tomcat-embed-el\8.5.34\tomcat-embed-el-8.5.34.jar;D:\Repositories\Maven\org\apache\tomcat\embed\tomcat-embed-websocket\8.5.34\tomcat-embed-websocket-8.5.34.jar;D:\Repositories\Maven\org\hibernate\validator\hibernate-validator\6.0.12.Final\hibernate-validator-6.0.12.Final.jar;D:\Repositories\Maven\javax\validation\validation-api\2.0.1.Final\validation-api-2.0.1.Final.jar;D:\Repositories\Maven\org\jboss\logging\jboss-logging\3.3.2.Final\jboss-logging-3.3.2.Final.jar;D:\Repositories\Maven\org\springframework\spring-web\5.0.9.RELEASE\spring-web-5.0.9.RELEASE.jar;D:\Repositories\Maven\org\springframework\spring-beans\5.0.9.RELEASE\spring-beans-5.0.9.RELEASE.jar;D:\Repositories\Maven\org\springframework\spring-webmvc\5.0.9.RELEASE\spring-webmvc-5.0.9.RELEASE.jar;D:\Repositories\Maven\org\springframework\spring-aop\5.0.9.RELEASE\spring-aop-5.0.9.RELEASE.jar;D:\Repositories\Maven\org\springframework\spring-context\5.0.9.RELEASE\spring-context-5.0.9.RELEASE.jar;D:\Repositories\Maven\org\springframework\spring-expression\5.0.9.RELEASE\spring-expression-5.0.9.RELEASE.jar;D:\Repositories\Maven\com\github\sarxos\webcam-capture\0.3.11\webcam-capture-0.3.11.jar;D:\Repositories\Maven\com\nativelibs4java\bridj\0.7.0\bridj-0.7.0.jar;D:\Repositories\Maven\org\slf4j\slf4j-api\1.7.25\slf4j-api-1.7.25.jar;D:\Repositories\Maven\org\springframework\boot\spring-boot-starter-test\2.0.5.RELEASE\spring-boot-starter-test-2.0.5.RELEASE.jar;D:\Repositories\Maven\org\springframework\boot\spring-boot-test\2.0.5.RELEASE\spring-boot-test-2.0.5.RELEASE.jar;D:\Repositories\Maven\org\springframework\boot\spring-boot-test-autoconfigure\2.0.5.RELEASE\spring-boot-test-autoconfigure-2.0.5.RELEASE.jar;D:\Repositories\Maven\com\jayway\jsonpath\json-path\2.4.0\json-path-2.4.0.jar;D:\Repositories\Maven\net\minidev\json-smart\2.3\json-smart-2.3.jar;D:\Repositories\Maven\net\minidev\accessors-smart\1.2\accessors-smart-1.2.jar;D:\Repositories\Maven\junit\junit\4.12\junit-4.12.jar;D:\Repositories\Maven\org\assertj\assertj-core\3.9.1\assertj-core-3.9.1.jar;D:\Repositories\Maven\org\mockito\mockito-core\2.15.0\mockito-core-2.15.0.jar;D:\Repositories\Maven\net\bytebuddy\byte-buddy\1.7.11\byte-buddy-1.7.11.jar;D:\Repositories\Maven\net\bytebuddy\byte-buddy-agent\1.7.11\byte-buddy-agent-1.7.11.jar;D:\Repositories\Maven\org\objenesis\objenesis\2.6\objenesis-2.6.jar;D:\Repositories\Maven\org\hamcrest\hamcrest-core\1.3\hamcrest-core-1.3.jar;D:\Repositories\Maven\org\hamcrest\hamcrest-library\1.3\hamcrest-library-1.3.jar;D:\Repositories\Maven\org\skyscreamer\jsonassert\1.5.0\jsonassert-1.5.0.jar;D:\Repositories\Maven\com\vaadin\external\google\android-json\0.0.20131108.vaadin1\android-json-0.0.20131108.vaadin1.jar;D:\Repositories\Maven\org\springframework\spring-core\5.0.9.RELEASE\spring-core-5.0.9.RELEASE.jar;D:\Repositories\Maven\org\springframework\spring-jcl\5.0.9.RELEASE\spring-jcl-5.0.9.RELEASE.jar;D:\Repositories\Maven\org\springframework\spring-test\5.0.9.RELEASE\spring-test-5.0.9.RELEASE.jar;D:\Repositories\Maven\org\xmlunit\xmlunit-core\2.5.1\xmlunit-core-2.5.1.jar;D:\Repositories\Maven\com\oracle\ojdbc6\11.2.0.3\ojdbc6-11.2.0.3.jar;D:\Repositories\Maven\org\json\json\20180813\json-20180813.jar;D:\Repositories\Maven\org\codehaus\jackson\jackson-core-asl\1.9.13\jackson-core-asl-1.9.13.jar;D:\Repositories\Maven\org\codehaus\jackson\jackson-mapper-asl\1.9.13\jackson-mapper-asl-1.9.13.jar;D:\Repositories\Maven\org\apache\httpcomponents\httpclient\4.5.4\httpclient-4.5.4.jar;D:\Repositories\Maven\org\apache\httpcomponents\httpcore\4.4.10\httpcore-4.4.10.jar;D:\Repositories\Maven\commons-codec\commons-codec\1.11\commons-codec-1.11.jar;D:\Repositories\Maven\commons-httpclient\commons-httpclient\3.1\commons-httpclient-3.1.jar;D:\Repositories\Maven\commons-logging\commons-logging\1.0.4\commons-logging-1.0.4.jar;D:\Repositories\Maven\org\mybatis\spring\boot\mybatis-spring-boot-starter\1.1.1\mybatis-spring-boot-starter-1.1.1.jar;D:\Repositories\Maven\org\mybatis\spring\boot\mybatis-spring-boot-autoconfigure\1.1.1\mybatis-spring-boot-autoconfigure-1.1.1.jar;D:\Repositories\Maven\org\mybatis\mybatis\3.4.0\mybatis-3.4.0.jar;D:\Repositories\Maven\org\mybatis\mybatis-spring\1.3.0\mybatis-spring-1.3.0.jar;D:\Repositories\Maven\org\apache\cxf\cxf-rt-frontend-jaxws\3.1.12\cxf-rt-frontend-jaxws-3.1.12.jar;D:\Repositories\Maven\xml-resolver\xml-resolver\1.2\xml-resolver-1.2.jar;D:\Repositories\Maven\org\ow2\asm\asm\5.0.4\asm-5.0.4.jar;D:\Repositories\Maven\org\apache\cxf\cxf-core\3.1.12\cxf-core-3.1.12.jar;D:\Repositories\Maven\org\codehaus\woodstox\woodstox-core-asl\4.4.1\woodstox-core-asl-4.4.1.jar;D:\Repositories\Maven\org\codehaus\woodstox\stax2-api\3.1.4\stax2-api-3.1.4.jar;D:\Repositories\Maven\org\apache\ws\xmlschema\xmlschema-core\2.2.2\xmlschema-core-2.2.2.jar;D:\Repositories\Maven\org\apache\cxf\cxf-rt-bindings-soap\3.1.12\cxf-rt-bindings-soap-3.1.12.jar;D:\Repositories\Maven\org\apache\cxf\cxf-rt-wsdl\3.1.12\cxf-rt-wsdl-3.1.12.jar;D:\Repositories\Maven\wsdl4j\wsdl4j\1.6.3\wsdl4j-1.6.3.jar;D:\Repositories\Maven\org\apache\cxf\cxf-rt-databinding-jaxb\3.1.12\cxf-rt-databinding-jaxb-3.1.12.jar;D:\Repositories\Maven\com\sun\xml\bind\jaxb-impl\2.2.11\jaxb-impl-2.2.11.jar;D:\Repositories\Maven\com\sun\xml\bind\jaxb-core\2.2.11\jaxb-core-2.2.11.jar;D:\Repositories\Maven\org\apache\cxf\cxf-rt-bindings-xml\3.1.12\cxf-rt-bindings-xml-3.1.12.jar;D:\Repositories\Maven\org\apache\cxf\cxf-rt-frontend-simple\3.1.12\cxf-rt-frontend-simple-3.1.12.jar;D:\Repositories\Maven\org\apache\cxf\cxf-rt-ws-addr\3.1.12\cxf-rt-ws-addr-3.1.12.jar;D:\Repositories\Maven\org\apache\cxf\cxf-rt-ws-policy\3.1.12\cxf-rt-ws-policy-3.1.12.jar;D:\Repositories\Maven\org\apache\neethi\neethi\3.0.3\neethi-3.0.3.jar;D:\Repositories\Maven\org\apache\cxf\cxf-rt-transports-http\3.1.12\cxf-rt-transports-http-3.1.12.jar;D:\Repositories\Maven\io\netty\netty-all\4.1.0.Final\netty-all-4.1.0.Final.jar;D:\Repositories\Maven\org\springframework\boot\spring-boot-devtools\2.0.5.RELEASE\spring-boot-devtools-2.0.5.RELEASE.jar;D:\Repositories\Maven\org\springframework\boot\spring-boot\2.0.5.RELEASE\spring-boot-2.0.5.RELEASE.jar;D:\Repositories\Maven\org\springframework\boot\spring-boot-autoconfigure\2.0.5.RELEASE\spring-boot-autoconfigure-2.0.5.RELEASE.jar;D:\Repositories\Maven\cn\yanzx-dev\gitlab\com.sap.conn.jco.sapjco\3.0.14\com.sap.conn.jco.sapjco-3.0.14.jar;D:\Repositories\Maven\com\squareup\okhttp\okhttp\2.5.0\okhttp-2.5.0.jar;D:\Repositories\Maven\com\squareup\okio\okio\1.6.0\okio-1.6.0.jar;D:\Repositories\Maven\org\springframework\boot\spring-boot-starter-jdbc\2.0.5.RELEASE\spring-boot-starter-jdbc-2.0.5.RELEASE.jar;D:\Repositories\Maven\com\zaxxer\HikariCP\2.7.9\HikariCP-2.7.9.jar;D:\Repositories\Maven\org\springframework\spring-jdbc\5.0.9.RELEASE\spring-jdbc-5.0.9.RELEASE.jar;D:\Repositories\Maven\org\springframework\spring-tx\5.0.9.RELEASE\spring-tx-5.0.9.RELEASE.jar;D:\Repositories\Maven\com\alibaba\druid\1.1.8\druid-1.1.8.jar;D:\Repositories\Maven\com\google\code\gson\gson\2.6\gson-2.6.jar;D:\Repositories\Maven\mysql\mysql-connector-java\5.1.47\mysql-connector-java-5.1.47.jar;D:\Repositories\Maven\org\apache\commons\commons-dbcp2\2.2.0\commons-dbcp2-2.2.0.jar;D:\Repositories\Maven\c3p0\c3p0\0.9.1.2\c3p0-0.9.1.2.jar;D:\Repositories\Maven\org\apache\commons\commons-lang3\3.7\commons-lang3-3.7.jar;D:\Repositories\Maven\org\apache\commons\commons-pool2\2.5.0\commons-pool2-2.5.0.jar;D:\Repositories\Maven\net\sf\json-lib\json-lib\2.4\json-lib-2.4-jdk15.jar;D:\Repositories\Maven\commons-beanutils\commons-beanutils\1.8.0\commons-beanutils-1.8.0.jar;D:\Repositories\Maven\commons-collections\commons-collections\3.2.1\commons-collections-3.2.1.jar;D:\Repositories\Maven\commons-lang\commons-lang\2.5\commons-lang-2.5.jar;D:\Repositories\Maven\net\sf\ezmorph\ezmorph\1.0.6\ezmorph-1.0.6.jar;D:\Repositories\Maven\com\alibaba\fastjson\1.2.8\fastjson-1.2.8.jar;D:\Repositories\Maven\io\springfox\springfox-swagger2\2.9.2\springfox-swagger2-2.9.2.jar;D:\Repositories\Maven\io\swagger\swagger-annotations\1.5.20\swagger-annotations-1.5.20.jar;D:\Repositories\Maven\io\swagger\swagger-models\1.5.20\swagger-models-1.5.20.jar;D:\Repositories\Maven\com\fasterxml\jackson\core\jackson-annotations\2.9.0\jackson-annotations-2.9.0.jar;D:\Repositories\Maven\io\springfox\springfox-spi\2.9.2\springfox-spi-2.9.2.jar;D:\Repositories\Maven\io\springfox\springfox-core\2.9.2\springfox-core-2.9.2.jar;D:\Repositories\Maven\io\springfox\springfox-schema\2.9.2\springfox-schema-2.9.2.jar;D:\Repositories\Maven\io\springfox\springfox-swagger-common\2.9.2\springfox-swagger-common-2.9.2.jar;D:\Repositories\Maven\io\springfox\springfox-spring-web\2.9.2\springfox-spring-web-2.9.2.jar;D:\Repositories\Maven\com\google\guava\guava\20.0\guava-20.0.jar;D:\Repositories\Maven\com\fasterxml\classmate\1.3.4\classmate-1.3.4.jar;D:\Repositories\Maven\org\springframework\plugin\spring-plugin-core\1.2.0.RELEASE\spring-plugin-core-1.2.0.RELEASE.jar;D:\Repositories\Maven\org\springframework\plugin\spring-plugin-metadata\1.2.0.RELEASE\spring-plugin-metadata-1.2.0.RELEASE.jar;D:\Repositories\Maven\org\mapstruct\mapstruct\1.2.0.Final\mapstruct-1.2.0.Final.jar;D:\Repositories\Maven\io\springfox\springfox-swagger-ui\2.9.2\springfox-swagger-ui-2.9.2.jar;D:\Repositories\Maven\org\springframework\boot\spring-boot-starter-data-redis\1.4.1.RELEASE\spring-boot-starter-data-redis-1.4.1.RELEASE.jar;D:\Repositories\Maven\org\springframework\data\spring-data-redis\2.0.10.RELEASE\spring-data-redis-2.0.10.RELEASE.jar;D:\Repositories\Maven\org\springframework\data\spring-data-keyvalue\2.0.10.RELEASE\spring-data-keyvalue-2.0.10.RELEASE.jar;D:\Repositories\Maven\org\springframework\data\spring-data-commons\2.0.10.RELEASE\spring-data-commons-2.0.10.RELEASE.jar;D:\Repositories\Maven\org\springframework\spring-oxm\5.0.9.RELEASE\spring-oxm-5.0.9.RELEASE.jar;D:\Repositories\Maven\org\springframework\spring-context-support\5.0.9.RELEASE\spring-context-support-5.0.9.RELEASE.jar;D:\Repositories\Maven\redis\clients\jedis\2.9.0\jedis-2.9.0.jar;D:\Repositories\Maven\io\jsonwebtoken\jjwt\0.9.0\jjwt-0.9.0.jar;D:\Repositories\Maven\com\fasterxml\jackson\core\jackson-databind\2.9.6\jackson-databind-2.9.6.jar;D:\Repositories\Maven\com\fasterxml\jackson\core\jackson-core\2.9.6\jackson-core-2.9.6.jar;D:\Repositories\Maven\org\apache\poi\poi\3.17\poi-3.17.jar;D:\Repositories\Maven\org\apache\commons\commons-collections4\4.1\commons-collections4-4.1.jar;D:\Repositories\Maven\org\apache\poi\poi-ooxml\3.17\poi-ooxml-3.17.jar;D:\Repositories\Maven\org\apache\poi\poi-ooxml-schemas\3.17\poi-ooxml-schemas-3.17.jar;D:\Repositories\Maven\org\apache\xmlbeans\xmlbeans\2.6.0\xmlbeans-2.6.0.jar;D:\Repositories\Maven\stax\stax-api\1.0.1\stax-api-1.0.1.jar;D:\Repositories\Maven\com\github\virtuald\curvesapi\1.04\curvesapi-1.04.jar;D:\Repositories\Maven\org\projectlombok\lombok\1.16.16\lombok-1.16.16.jar;D:\Repositories\Maven\org\jetbrains\annotations\21.0.1\annotations-21.0.1.jar;"/>
    <property name="sun.cpu.endian" value="little"/>
    <property name="user.home" value="C:\Users\yuansenkang"/>
    <property name="user.language" value="zh"/>
    <property name="java.specification.vendor" value="Oracle Corporation"/>
    <property name="java.home" value="C:\Program Files\Java\jdk1.8.0_201\jre"/>
    <property name="basedir" value="C:\Users\yuansenkang\Desktop\scada\scada612"/>
    <property name="file.separator" value="\"/>
    <property name="line.separator" value="&#10;"/>
    <property name="java.vm.specification.vendor" value="Oracle Corporation"/>
    <property name="java.specification.name" value="Java Platform API Specification"/>
    <property name="java.awt.graphicsenv" value="sun.awt.Win32GraphicsEnvironment"/>
    <property name="surefire.real.class.path" value="C:\Users\YUANSE~1\AppData\Local\Temp\surefire2478971504752257443\surefirebooter2558736959628961478.jar"/>
    <property name="sun.boot.class.path" value="C:\Program Files\Java\jdk1.8.0_201\jre\lib\resources.jar;C:\Program Files\Java\jdk1.8.0_201\jre\lib\rt.jar;C:\Program Files\Java\jdk1.8.0_201\jre\lib\sunrsasign.jar;C:\Program Files\Java\jdk1.8.0_201\jre\lib\jsse.jar;C:\Program Files\Java\jdk1.8.0_201\jre\lib\jce.jar;C:\Program Files\Java\jdk1.8.0_201\jre\lib\charsets.jar;C:\Program Files\Java\jdk1.8.0_201\jre\lib\jfr.jar;C:\Program Files\Java\jdk1.8.0_201\jre\classes"/>
    <property name="user.script" value=""/>
    <property name="sun.management.compiler" value="HotSpot 64-Bit Tiered Compilers"/>
    <property name="java.runtime.version" value="1.8.0_201-b09"/>
    <property name="user.name" value="yuansenkang"/>
    <property name="path.separator" value=";"/>
    <property name="os.version" value="10.0"/>
    <property name="java.endorsed.dirs" value="C:\Program Files\Java\jdk1.8.0_201\jre\lib\endorsed"/>
    <property name="java.runtime.name" value="Java(TM) SE Runtime Environment"/>
    <property name="file.encoding" value="GBK"/>
    <property name="java.vm.name" value="Java HotSpot(TM) 64-Bit Server VM"/>
    <property name="localRepository" value="D:\Repositories\Maven"/>
    <property name="java.vendor.url.bug" value="http://bugreport.sun.com/bugreport/"/>
    <property name="java.io.tmpdir" value="C:\Users\YUANSE~1\AppData\Local\Temp\"/>
    <property name="java.version" value="1.8.0_201"/>
    <property name="user.dir" value="C:\Users\yuansenkang\Desktop\scada\scada612"/>
    <property name="os.arch" value="amd64"/>
    <property name="java.vm.specification.name" value="Java Virtual Machine Specification"/>
    <property name="java.awt.printerjob" value="sun.awt.windows.WPrinterJob"/>
    <property name="idea.version2019.3.1" value="true"/>
    <property name="sun.os.patch.level" value=""/>
    <property name="java.library.path" value="C:\Program Files\Java\jdk1.8.0_201\jre\bin;C:\WINDOWS\Sun\Java\bin;C:\WINDOWS\system32;C:\WINDOWS;D:\anaconda3.5\condabin;C:\Program Files (x86)\VMware\VMware Workstation\bin\;C:\Program Files\mysql-5.7.23-winx64\bin;C:\Program Files\Java\jdk1.8.0_201\bin;C:\Program Files\Java\jdk1.8.0_201\jre\bin;C:\WINDOWS\System32;C:\WINDOWS;C:\WINDOWS\System32\Wbem;C:\WINDOWS\System32\WindowsPowerShell\v1.0\;C:\WINDOWS\system32\config\systemprofile\.dnx\bin;C:\Program Files\Microsoft DNX\Dnvm\;C:\Program Files\Microsoft SQL Server\130\Tools\Binn\D:\Tomcat 8.5\bin;D:\Tomcat 8.5\lib;C:\Program Files\dotnet\;C:\Program Files\Microsoft SQL Server\130\Tools\Binn\;C:\Program Files (x86)\openocd\0.6.0\bin;C:\Program Files\nodejs\;C:\Program Files\Microsoft SQL Server\Client SDK\ODBC\170\Tools\Binn\;C:\WINDOWS\system32;C:\WINDOWS\System32\OpenSSH\;C:\Program Files\Git\cmd;D:\Python3.7\Scripts\;D:\Python3.7\;D:\nodejs\node_global;C:\Program Files\Java\jdk1.8.0_201\bin;D:\Server\maven\bin;C:\Program Files\mysql-5.7.23-winx64\bin;C:\Users\yuansenkang\AppData\Local\Programs\Microsoft VS Code\bin;C:\Program Files (x86)\openocd\0.6.0\bin;D:\anaconda3.5;D:\Python3.7\Scripts;D:\anaconda3.5\Library\bin;;C:\Users\yuansenkang\AppData\Local\Microsoft\WindowsApps;."/>
    <property name="java.vm.info" value="mixed mode"/>
    <property name="java.vendor" value="Oracle Corporation"/>
    <property name="java.vm.version" value="25.201-b09"/>
    <property name="java.ext.dirs" value="C:\Program Files\Java\jdk1.8.0_201\jre\lib\ext;C:\WINDOWS\Sun\Java\lib\ext"/>
    <property name="sun.io.unicode.encoding" value="UnicodeLittle"/>
    <property name="maven.repo.local" value="D:\Repositories\Maven"/>
    <property name="java.class.version" value="52.0"/>
  </properties>
  <testcase name="test" classname="cn.bp.scada.TestLambda" time="0.011"/>
</testsuite>